<?xml version="1.0" encoding="UTF-8"?>
<testng-results ignored="0" total="11" passed="11" failed="0" skipped="0">
  <reporter-output>
  </reporter-output>
  <suite started-at="2025-11-07T14:16:43 IST" name="PetSuite" finished-at="2025-11-07T14:17:28 IST" duration-ms="44674">
    <groups>
    </groups>
    <test started-at="2025-11-07T14:16:43 IST" name="PetTests" finished-at="2025-11-07T14:17:28 IST" duration-ms="44674">
      <class name="apiTest.UserTextCases">
        <test-method is-config="true" signature="setUP()[pri:0, instance:apiTest.UserTextCases@6436a7db]" started-at="2025-11-07T14:17:14 IST" name="setUP" finished-at="2025-11-07T14:17:14 IST" duration-ms="914" status="PASS">
          <reporter-output>
          </reporter-output>
        </test-method> <!-- setUP -->
        <test-method signature="testPostUser()[pri:0, instance:apiTest.UserTextCases@6436a7db]" started-at="2025-11-07T14:17:14 IST" name="testPostUser" finished-at="2025-11-07T14:17:16 IST" duration-ms="1644" status="PASS">
          <reporter-output>
          </reporter-output>
        </test-method> <!-- testPostUser -->
        <test-method signature="testGetUserByName()[pri:0, instance:apiTest.UserTextCases@6436a7db]" started-at="2025-11-07T14:17:16 IST" name="testGetUserByName" finished-at="2025-11-07T14:17:18 IST" depends-on-methods="apiTest.UserTextCases.testPostUser" duration-ms="1797" status="PASS">
          <reporter-output>
          </reporter-output>
        </test-method> <!-- testGetUserByName -->
        <test-method signature="testUpdateUser()[pri:0, instance:apiTest.UserTextCases@6436a7db]" started-at="2025-11-07T14:17:18 IST" name="testUpdateUser" finished-at="2025-11-07T14:17:23 IST" depends-on-methods="apiTest.UserTextCases.testGetUserByName" duration-ms="4776" status="PASS">
          <reporter-output>
          </reporter-output>
        </test-method> <!-- testUpdateUser -->
        <test-method signature="testDeleteUser()[pri:0, instance:apiTest.UserTextCases@6436a7db]" started-at="2025-11-07T14:17:23 IST" name="testDeleteUser" finished-at="2025-11-07T14:17:24 IST" depends-on-methods="apiTest.UserTextCases.testUpdateUser" duration-ms="1404" status="PASS">
          <reporter-output>
          </reporter-output>
        </test-method> <!-- testDeleteUser -->
        <test-method signature="postUsingArray()[pri:0, instance:apiTest.UserTextCases@6436a7db]" started-at="2025-11-07T14:17:24 IST" name="postUsingArray" finished-at="2025-11-07T14:17:26 IST" depends-on-methods="apiTest.UserTextCases.testDeleteUser" duration-ms="1871" status="PASS">
          <reporter-output>
          </reporter-output>
        </test-method> <!-- postUsingArray -->
        <test-method signature="postUsingList()[pri:0, instance:apiTest.UserTextCases@6436a7db]" started-at="2025-11-07T14:17:26 IST" name="postUsingList" finished-at="2025-11-07T14:17:26 IST" depends-on-methods="apiTest.UserTextCases.postUsingArray" duration-ms="198" status="PASS">
          <reporter-output>
          </reporter-output>
        </test-method> <!-- postUsingList -->
        <test-method signature="logsUser()[pri:0, instance:apiTest.UserTextCases@6436a7db]" started-at="2025-11-07T14:17:27 IST" name="logsUser" finished-at="2025-11-07T14:17:28 IST" depends-on-methods="apiTest.UserTextCases.postUsingList" duration-ms="1499" status="PASS">
          <reporter-output>
          </reporter-output>
        </test-method> <!-- logsUser -->
      </class> <!-- apiTest.UserTextCases -->
      <class name="apiTest.CrudTestsExcel">
        <test-method signature="postRequest(java.lang.String,java.lang.String,java.lang.String,java.lang.String,java.lang.String,java.lang.String)[pri:0, instance:apiTest.CrudTestsExcel@73194df]" started-at="2025-11-07T14:16:55 IST" name="postRequest" data-provider="ExcelData" finished-at="2025-11-07T14:17:08 IST" duration-ms="12962" status="PASS">
          <params>
            <param index="0">
              <value>
                <![CDATA[12345]]>
              </value>
            </param>
            <param index="1">
              <value>
                <![CDATA[John]]>
              </value>
            </param>
            <param index="2">
              <value>
                <![CDATA[Carter]]>
              </value>
            </param>
            <param index="3">
              <value>
                <![CDATA[john123@email.com]]>
              </value>
            </param>
            <param index="4">
              <value>
                <![CDATA[w123e]]>
              </value>
            </param>
            <param index="5">
              <value>
                <![CDATA[987654]]>
              </value>
            </param>
          </params>
          <reporter-output>
          </reporter-output>
        </test-method> <!-- postRequest -->
        <test-method signature="postRequest(java.lang.String,java.lang.String,java.lang.String,java.lang.String,java.lang.String,java.lang.String)[pri:0, instance:apiTest.CrudTestsExcel@73194df]" started-at="2025-11-07T14:17:08 IST" name="postRequest" data-provider="ExcelData" finished-at="2025-11-07T14:17:09 IST" duration-ms="1470" status="PASS">
          <params>
            <param index="0">
              <value>
                <![CDATA[12346]]>
              </value>
            </param>
            <param index="1">
              <value>
                <![CDATA[Alex]]>
              </value>
            </param>
            <param index="2">
              <value>
                <![CDATA[Jone]]>
              </value>
            </param>
            <param index="3">
              <value>
                <![CDATA[Jone233@email.com]]>
              </value>
            </param>
            <param index="4">
              <value>
                <![CDATA[r1234tx]]>
              </value>
            </param>
            <param index="5">
              <value>
                <![CDATA[9487456]]>
              </value>
            </param>
          </params>
          <reporter-output>
          </reporter-output>
        </test-method> <!-- postRequest -->
        <test-method signature="deleteUser(java.lang.String)[pri:0, instance:apiTest.CrudTestsExcel@73194df]" started-at="2025-11-07T14:17:10 IST" name="deleteUser" data-provider="Username" finished-at="2025-11-07T14:17:12 IST" depends-on-methods="apiTest.CrudTestsExcel.postRequest" duration-ms="2234" status="PASS">
          <params>
            <param index="0">
              <value>
                <![CDATA[John]]>
              </value>
            </param>
          </params>
          <reporter-output>
          </reporter-output>
        </test-method> <!-- deleteUser -->
        <test-method signature="deleteUser(java.lang.String)[pri:0, instance:apiTest.CrudTestsExcel@73194df]" started-at="2025-11-07T14:17:12 IST" name="deleteUser" data-provider="Username" finished-at="2025-11-07T14:17:14 IST" depends-on-methods="apiTest.CrudTestsExcel.postRequest" duration-ms="1444" status="PASS">
          <params>
            <param index="0">
              <value>
                <![CDATA[Alex]]>
              </value>
            </param>
          </params>
          <reporter-output>
          </reporter-output>
        </test-method> <!-- deleteUser -->
      </class> <!-- apiTest.CrudTestsExcel -->
    </test> <!-- PetTests -->
  </suite> <!-- PetSuite -->
</testng-results>
