<?xml version="1.0" encoding="UTF-8"?>
<testng-results ignored="0" total="1" passed="1" failed="0" skipped="0">
  <reporter-output>
  </reporter-output>
  <suite started-at="2025-11-06T10:59:12 IST" name="Default suite" finished-at="2025-11-06T10:59:21 IST" duration-ms="8885">
    <groups>
    </groups>
    <test started-at="2025-11-06T10:59:12 IST" name="Default test" finished-at="2025-11-06T10:59:21 IST" duration-ms="8885">
      <class name="apiTest.PetTestCases">
        <test-method signature="uploadImage()[pri:0, instance:apiTest.PetTestCases@7b98f307]" started-at="2025-11-06T10:59:12 IST" name="uploadImage" finished-at="2025-11-06T10:59:21 IST" duration-ms="8713" status="PASS">
          <reporter-output>
          </reporter-output>
        </test-method> <!-- uploadImage -->
      </class> <!-- apiTest.PetTestCases -->
    </test> <!-- Default test -->
  </suite> <!-- Default suite -->
</testng-results>
