<?xml version="1.0" encoding="UTF-8"?>
<testng-results ignored="0" total="1" passed="1" failed="0" skipped="0">
  <reporter-output>
  </reporter-output>
  <suite started-at="2025-11-11T15:24:19 IST" name="Default suite" finished-at="2025-11-11T15:24:28 IST" duration-ms="8625">
    <groups>
    </groups>
    <test started-at="2025-11-11T15:24:19 IST" name="Default test" finished-at="2025-11-11T15:24:28 IST" duration-ms="8625">
      <class name="apiTest.PetTestCases">
        <test-method signature="getPetByAvailability()[pri:0, instance:apiTest.PetTestCases@74235045]" started-at="2025-11-11T15:24:19 IST" name="getPetByAvailability" finished-at="2025-11-11T15:24:28 IST" duration-ms="8443" status="PASS">
          <reporter-output>
          </reporter-output>
        </test-method> <!-- getPetByAvailability -->
      </class> <!-- apiTest.PetTestCases -->
    </test> <!-- Default test -->
  </suite> <!-- Default suite -->
</testng-results>
