<?xml version="1.0" encoding="UTF-8"?>
<testng-results ignored="0" total="2" passed="2" failed="0" skipped="0">
  <reporter-output>
  </reporter-output>
  <suite started-at="2025-11-10T12:50:30 IST" name="Default suite" finished-at="2025-11-10T12:50:52 IST" duration-ms="22002">
    <groups>
    </groups>
    <test started-at="2025-11-10T12:50:30 IST" name="Default test" finished-at="2025-11-10T12:50:52 IST" duration-ms="22002">
      <class name="apiTest.PetTestCases">
        <test-method signature="uploadImage()[pri:0, instance:apiTest.PetTestCases@74235045]" started-at="2025-11-10T12:50:30 IST" name="uploadImage" finished-at="2025-11-10T12:50:43 IST" duration-ms="13359" status="PASS">
          <reporter-output>
          </reporter-output>
        </test-method> <!-- uploadImage -->
        <test-method signature="postANewPet()[pri:0, instance:apiTest.PetTestCases@74235045]" started-at="2025-11-10T12:50:43 IST" name="postANewPet" finished-at="2025-11-10T12:50:52 IST" depends-on-methods="apiTest.PetTestCases.uploadImage" duration-ms="8245" status="PASS">
          <reporter-output>
          </reporter-output>
        </test-method> <!-- postANewPet -->
      </class> <!-- apiTest.PetTestCases -->
    </test> <!-- Default test -->
  </suite> <!-- Default suite -->
</testng-results>
