<?xml version="1.0" encoding="UTF-8"?>
<!-- Generated by org.testng.reporters.JUnitXMLReporter -->
<testsuite ignored="0" hostname="LAPTOP-871LKGL0" failures="0" tests="11" name="PetTests" time="44.674" errors="0" timestamp="2025-11-07T14:17:29 IST">
  <testcase classname="apiTest.CrudTestsExcel" name="postRequest" time="12.962"/>
  <testcase classname="apiTest.CrudTestsExcel" name="postRequest" time="1.47"/>
  <testcase classname="apiTest.CrudTestsExcel" name="deleteUser" time="2.234"/>
  <testcase classname="apiTest.CrudTestsExcel" name="deleteUser" time="1.444"/>
  <testcase classname="apiTest.UserTextCases" name="testPostUser" time="1.644"/>
  <testcase classname="apiTest.UserTextCases" name="testGetUserByName" time="1.797"/>
  <testcase classname="apiTest.UserTextCases" name="testUpdateUser" time="4.776"/>
  <testcase classname="apiTest.UserTextCases" name="testDeleteUser" time="1.404"/>
  <testcase classname="apiTest.UserTextCases" name="postUsingArray" time="1.871"/>
  <testcase classname="apiTest.UserTextCases" name="postUsingList" time="0.198"/>
  <testcase classname="apiTest.UserTextCases" name="logsUser" time="1.499"/>
</testsuite> <!-- PetTests -->
