<?xml version="1.0" encoding="UTF-8"?>
<!-- Generated by org.testng.reporters.JUnitReportReporter -->
<testsuite hostname="LAPTOP-871LKGL0" failures="0" tests="4" name="apiTest.CrudTestsExcel" time="13.689" errors="0" timestamp="2025-11-05T16:21:14 IST" skipped="0">
  <testcase classname="apiTest.CrudTestsExcel" name="postRequest" time="9.016"/>
  <testcase classname="apiTest.CrudTestsExcel" name="postRequest" time="1.506"/>
  <testcase classname="apiTest.CrudTestsExcel" name="deleteUser" time="1.763"/>
  <testcase classname="apiTest.CrudTestsExcel" name="deleteUser" time="1.404"/>
</testsuite> <!-- apiTest.CrudTestsExcel -->
