<?xml version="1.0" encoding="UTF-8"?>
<!-- Generated by org.testng.reporters.JUnitReportReporter -->
<testsuite hostname="LAPTOP-871LKGL0" failures="0" tests="7" name="apiTest.UserTextCases" time="19.182" errors="0" timestamp="2025-11-05T18:59:19 IST" skipped="0">
  <testcase classname="apiTest.UserTextCases" name="testGetUserByName" time="1.903"/>
  <testcase classname="apiTest.UserTextCases" name="testDeleteUser" time="1.485"/>
  <testcase classname="apiTest.UserTextCases" name="testPostUser" time="8.335"/>
  <testcase classname="apiTest.UserTextCases" name="testUpdateUser" time="4.248"/>
  <testcase classname="apiTest.UserTextCases" name="postUsingList" time="0.029"/>
  <testcase classname="apiTest.UserTextCases" name="postUsingArray" time="1.602"/>
  <testcase classname="apiTest.UserTextCases" name="logsUser" time="1.580"/>
</testsuite> <!-- apiTest.UserTextCases -->
