<?xml version="1.0" encoding="UTF-8"?>
<!-- Generated by org.testng.reporters.JUnitReportReporter -->
<testsuite hostname="LAPTOP-871LKGL0" failures="0" tests="7" name="apiTest.UserTextCases" time="13.189" errors="0" timestamp="2025-11-07T14:17:30 IST" skipped="0">
  <testcase classname="apiTest.UserTextCases" name="logsUser" time="1.499"/>
  <testcase classname="apiTest.UserTextCases" name="testDeleteUser" time="1.404"/>
  <testcase classname="apiTest.UserTextCases" name="postUsingArray" time="1.871"/>
  <testcase classname="apiTest.UserTextCases" name="postUsingList" time="0.198"/>
  <testcase classname="apiTest.UserTextCases" name="testUpdateUser" time="4.776"/>
  <testcase classname="apiTest.UserTextCases" name="testPostUser" time="1.644"/>
  <testcase classname="apiTest.UserTextCases" name="testGetUserByName" time="1.797"/>
</testsuite> <!-- apiTest.UserTextCases -->
