<?xml version="1.0" encoding="UTF-8"?>
<!-- Generated by org.testng.reporters.JUnitReportReporter -->
<testsuite hostname="LAPTOP-871LKGL0" failures="0" tests="4" name="apiTest.CrudTestsExcel" time="18.110" errors="0" timestamp="2025-11-07T14:17:30 IST" skipped="0">
  <testcase classname="apiTest.CrudTestsExcel" name="postRequest" time="1.470"/>
  <testcase classname="apiTest.CrudTestsExcel" name="deleteUser" time="2.234"/>
  <testcase classname="apiTest.CrudTestsExcel" name="deleteUser" time="1.444"/>
  <testcase classname="apiTest.CrudTestsExcel" name="postRequest" time="12.962"/>
</testsuite> <!-- apiTest.CrudTestsExcel -->
