<?xml version="1.0" encoding="UTF-8"?>
<!-- Generated by org.testng.reporters.JUnitXMLReporter -->
<testsuite ignored="0" hostname="LAPTOP-871LKGL0" failures="0" tests="8" name="PetTests" time="28.94" errors="0" timestamp="2025-11-05T16:21:14 IST">
  <testcase classname="apiTest.CrudTestsExcel" name="postRequest" time="9.016"/>
  <testcase classname="apiTest.CrudTestsExcel" name="postRequest" time="1.506"/>
  <testcase classname="apiTest.CrudTestsExcel" name="deleteUser" time="1.763"/>
  <testcase classname="apiTest.CrudTestsExcel" name="deleteUser" time="1.404"/>
  <testcase classname="apiTest.UserTextCases" name="testPostUser" time="1.88"/>
  <testcase classname="apiTest.UserTextCases" name="testGetUserByName" time="1.475"/>
  <testcase classname="apiTest.UserTextCases" name="testUpdateUser" time="3.177"/>
  <testcase classname="apiTest.UserTextCases" name="testDeleteUser" time="1.485"/>
</testsuite> <!-- PetTests -->
